2025-03-25 08:45:50,846 - INFO:  * Restarting with stat
2025-03-25 08:45:51,720 - WARNING:  * Debugger is active!
2025-03-25 08:45:51,724 - INFO:  * Debugger PIN: 104-972-252
2025-03-25 08:46:05,560 - INFO: [31m[1mWARNING: This is a development server. Do not use it in a production deployment. Use a production WSGI server instead.[0m
 * Running on all addresses (0.0.0.0)
 * Running on http://127.0.0.1:5000
 * Running on http://192.168.1.119:5000
2025-03-25 08:46:05,561 - INFO: [33mPress CTRL+C to quit[0m
2025-03-25 08:46:05,563 - INFO:  * Restarting with stat
2025-03-25 08:46:06,399 - WARNING:  * Debugger is active!
2025-03-25 08:46:06,403 - INFO:  * Debugger PIN: 104-972-252
2025-03-25 08:46:14,674 - INFO: 192.168.1.119 - - [25/Mar/2025 08:46:14] "GET / HTTP/1.1" 200 -
2025-03-25 08:46:15,262 - INFO: Appel API pour macd avec période None : https://api.twelvedata.com/macd?symbol=GLD&interval=1min&apikey=745130a9a66e4687926d35424229b86d
2025-03-25 08:46:15,525 - INFO: Valeur récupérée pour macd (N/A) : 0.00028956697
2025-03-25 08:46:15,525 - INFO: Appel API pour macd avec période None : https://api.twelvedata.com/macd?symbol=GLD&interval=1min&apikey=745130a9a66e4687926d35424229b86d
2025-03-25 08:46:15,792 - INFO: Valeur récupérée pour macd (N/A) : 0.00028956697
2025-03-25 08:46:15,793 - INFO: Appel API pour rsi avec période None : https://api.twelvedata.com/rsi?symbol=GLD&interval=1min&apikey=745130a9a66e4687926d35424229b86d
2025-03-25 08:46:16,047 - INFO: Valeur récupérée pour rsi (N/A) : 54.23013
2025-03-25 08:46:16,048 - INFO: Appel API pour sma avec période 7 : https://api.twelvedata.com/sma?symbol=GLD&interval=1min&time_period=7&apikey=745130a9a66e4687926d35424229b86d
2025-03-25 08:46:16,295 - INFO: Valeur récupérée pour sma (7) : 277.17897
2025-03-25 08:46:16,296 - INFO: Appel API pour sma avec période 21 : https://api.twelvedata.com/sma?symbol=GLD&interval=1min&time_period=21&apikey=745130a9a66e4687926d35424229b86d
2025-03-25 08:46:16,547 - INFO: Valeur récupérée pour sma (21) : 277.19703
2025-03-25 08:46:16,548 - INFO: Appel API pour atr avec période None : https://api.twelvedata.com/atr?symbol=GLD&interval=1min&apikey=745130a9a66e4687926d35424229b86d
2025-03-25 08:46:16,802 - INFO: Valeur récupérée pour atr (N/A) : 0.052174813
2025-03-25 08:46:16,802 - INFO: MACD: 0.00028956697, Signal Line: 0.00028956697
2025-03-25 08:46:16,803 - INFO: RSI: 54.23013
2025-03-25 08:46:16,803 - INFO: SMA 7: 277.17897, SMA 21: 277.19703
2025-03-25 08:46:16,803 - INFO: Gold Price: 277.25, ATR: 0.052174813
2025-03-25 08:46:16,803 - INFO: Buy Score: 1, Sell Score: 2
2025-03-25 08:46:16,804 - INFO: Signal généré: NEUTRAL (Buy Score: 1, Sell Score: 2)
2025-03-25 08:46:16,804 - INFO: 192.168.1.119 - - [25/Mar/2025 08:46:16] "GET /refresh HTTP/1.1" 200 -
2025-03-25 08:51:56,755 - INFO:  * Detected change in 'C:\\Users\\codej\\trad\\gold_analysis.py', reloading
2025-03-25 08:51:56,862 - INFO:  * Restarting with stat
2025-03-25 08:51:57,845 - WARNING:  * Debugger is active!
2025-03-25 08:51:57,850 - INFO:  * Debugger PIN: 104-972-252
2025-03-25 08:51:58,869 - INFO:  * Detected change in 'C:\\Users\\codej\\trad\\gold_analysis.py', reloading
2025-03-25 08:51:58,947 - INFO:  * Restarting with stat
2025-03-25 08:51:59,860 - WARNING:  * Debugger is active!
2025-03-25 08:51:59,866 - INFO:  * Debugger PIN: 104-972-252
2025-03-25 08:52:26,991 - INFO:  * Detected change in 'C:\\Users\\codej\\trad\\gold_analysis.py', reloading
2025-03-25 08:52:27,102 - INFO:  * Restarting with stat
2025-03-25 08:52:28,080 - WARNING:  * Debugger is active!
2025-03-25 08:52:28,085 - INFO:  * Debugger PIN: 104-972-252
2025-03-25 08:59:07,729 - INFO:  * Detected change in 'C:\\Users\\codej\\trad\\gold_analysis.py', reloading
2025-03-25 08:59:07,840 - INFO:  * Restarting with stat
2025-03-25 08:59:08,805 - WARNING:  * Debugger is active!
2025-03-25 08:59:08,809 - INFO:  * Debugger PIN: 104-972-252
2025-03-25 08:59:09,826 - INFO:  * Detected change in 'C:\\Users\\codej\\trad\\gold_analysis.py', reloading
2025-03-25 08:59:09,923 - INFO:  * Restarting with stat
2025-03-25 08:59:10,927 - WARNING:  * Debugger is active!
2025-03-25 08:59:10,932 - INFO:  * Debugger PIN: 104-972-252
2025-03-25 09:00:03,140 - INFO:  * Detected change in 'C:\\Users\\codej\\trad\\gold_analysis.py', reloading
2025-03-25 09:00:03,236 - INFO:  * Restarting with stat
2025-03-25 09:00:04,099 - WARNING:  * Debugger is active!
2025-03-25 09:00:04,103 - INFO:  * Debugger PIN: 104-972-252
2025-03-25 09:00:15,153 - INFO:  * Detected change in 'C:\\Users\\codej\\trad\\gold_analysis.py', reloading
2025-03-25 09:00:15,246 - INFO:  * Restarting with stat
2025-03-25 09:00:16,166 - WARNING:  * Debugger is active!
2025-03-25 09:00:16,171 - INFO:  * Debugger PIN: 104-972-252
2025-03-25 09:00:47,650 - INFO: [31m[1mWARNING: This is a development server. Do not use it in a production deployment. Use a production WSGI server instead.[0m
 * Running on all addresses (0.0.0.0)
 * Running on http://127.0.0.1:5000
 * Running on http://192.168.1.119:5000
2025-03-25 09:00:47,651 - INFO: [33mPress CTRL+C to quit[0m
2025-03-25 09:00:47,653 - INFO:  * Restarting with stat
2025-03-25 09:00:48,508 - WARNING:  * Debugger is active!
2025-03-25 09:00:48,512 - INFO:  * Debugger PIN: 104-972-252
2025-03-25 09:00:55,457 - INFO: 192.168.1.119 - - [25/Mar/2025 09:00:55] "GET / HTTP/1.1" 200 -
2025-03-25 09:00:55,493 - INFO: Appel API pour macd avec période None : https://api.twelvedata.com/macd?symbol=GLD&interval=1min&apikey=745130a9a66e4687926d35424229b86d
2025-03-25 09:00:56,200 - INFO: Valeur récupérée pour macd (N/A) : 0.00028956697
2025-03-25 09:00:56,216 - INFO: 192.168.1.119 - - [25/Mar/2025 09:00:56] "[35m[1mGET /refresh HTTP/1.1[0m" 500 -
2025-03-25 09:01:10,659 - INFO: 192.168.1.119 - - [25/Mar/2025 09:01:10] "GET / HTTP/1.1" 200 -
2025-03-25 09:01:10,689 - INFO: Appel API pour macd avec période None : https://api.twelvedata.com/macd?symbol=GLD&interval=1min&apikey=745130a9a66e4687926d35424229b86d
2025-03-25 09:01:10,953 - INFO: Valeur récupérée pour macd (N/A) : 0.00028956697
2025-03-25 09:01:10,965 - INFO: 192.168.1.119 - - [25/Mar/2025 09:01:10] "[35m[1mGET /refresh HTTP/1.1[0m" 500 -
2025-03-25 09:07:07,996 - INFO:  * Detected change in 'C:\\Users\\codej\\trad\\gold_analysis.py', reloading
2025-03-25 09:07:08,104 - INFO:  * Restarting with stat
2025-03-25 09:07:09,079 - WARNING:  * Debugger is active!
2025-03-25 09:07:09,083 - INFO:  * Debugger PIN: 104-972-252
2025-03-25 09:07:10,102 - INFO:  * Detected change in 'C:\\Users\\codej\\trad\\gold_analysis.py', reloading
2025-03-25 09:07:10,183 - INFO:  * Restarting with stat
2025-03-25 09:07:11,174 - WARNING:  * Debugger is active!
2025-03-25 09:07:11,179 - INFO:  * Debugger PIN: 104-972-252
2025-03-25 09:07:53,353 - INFO:  * Detected change in 'C:\\Users\\codej\\trad\\gold_analysis.py', reloading
2025-03-25 09:07:53,445 - INFO:  * Restarting with stat
2025-03-25 09:07:54,383 - WARNING:  * Debugger is active!
2025-03-25 09:07:54,387 - INFO:  * Debugger PIN: 104-972-252
2025-03-25 09:08:20,650 - INFO: [31m[1mWARNING: This is a development server. Do not use it in a production deployment. Use a production WSGI server instead.[0m
 * Running on all addresses (0.0.0.0)
 * Running on http://127.0.0.1:5000
 * Running on http://192.168.1.119:5000
2025-03-25 09:08:20,651 - INFO: [33mPress CTRL+C to quit[0m
2025-03-25 09:08:20,652 - INFO:  * Restarting with stat
2025-03-25 09:08:21,480 - WARNING:  * Debugger is active!
2025-03-25 09:08:21,484 - INFO:  * Debugger PIN: 104-972-252
2025-03-25 09:08:31,913 - INFO: 192.168.1.119 - - [25/Mar/2025 09:08:31] "GET / HTTP/1.1" 200 -
2025-03-25 09:08:31,948 - INFO: Appel API pour macd avec période None : https://api.twelvedata.com/macd?symbol=GLD&interval=1min&apikey=745130a9a66e4687926d35424229b86d
2025-03-25 09:08:33,176 - INFO: Appel API pour rsi avec période None : https://api.twelvedata.com/rsi?symbol=GLD&interval=1min&apikey=745130a9a66e4687926d35424229b86d
2025-03-25 09:08:33,439 - INFO: Valeur récupérée pour rsi (N/A) : 54.23013
2025-03-25 09:08:33,440 - INFO: Appel API pour sma avec période 7 : https://api.twelvedata.com/sma?symbol=GLD&interval=1min&time_period=7&apikey=745130a9a66e4687926d35424229b86d
2025-03-25 09:08:33,695 - INFO: Valeur récupérée pour sma (7) : 277.17897
2025-03-25 09:08:33,695 - INFO: Appel API pour sma avec période 21 : https://api.twelvedata.com/sma?symbol=GLD&interval=1min&time_period=21&apikey=745130a9a66e4687926d35424229b86d
2025-03-25 09:08:33,943 - INFO: Valeur récupérée pour sma (21) : 277.19703
2025-03-25 09:08:33,944 - INFO: Appel API pour atr avec période None : https://api.twelvedata.com/atr?symbol=GLD&interval=1min&apikey=745130a9a66e4687926d35424229b86d
2025-03-25 09:08:34,205 - INFO: Valeur récupérée pour atr (N/A) : 0.052174813
2025-03-25 09:08:34,205 - INFO: MACD: 0.00028956697, Signal Line: 0.0
2025-03-25 09:08:34,205 - INFO: RSI: 54.23013
2025-03-25 09:08:34,206 - INFO: SMA 7: 277.17897, SMA 21: 277.19703
2025-03-25 09:08:34,206 - INFO: Gold Price: 277.25, ATR: 0.052174813
2025-03-25 09:08:34,206 - INFO: Buy Score: 3, Sell Score: 2
2025-03-25 09:08:34,206 - INFO: Signal généré: BUY (Buy Score: 3, Sell Score: 2)
2025-03-25 09:08:34,207 - INFO: 192.168.1.119 - - [25/Mar/2025 09:08:34] "GET /refresh HTTP/1.1" 200 -
2025-03-25 09:11:45,798 - INFO: [31m[1mWARNING: This is a development server. Do not use it in a production deployment. Use a production WSGI server instead.[0m
 * Running on all addresses (0.0.0.0)
 * Running on http://127.0.0.1:5000
 * Running on http://192.168.1.119:5000
2025-03-25 09:11:45,799 - INFO: [33mPress CTRL+C to quit[0m
2025-03-25 09:11:45,801 - INFO:  * Restarting with stat
2025-03-25 09:11:46,648 - WARNING:  * Debugger is active!
